12-Aug-2024 12:30:21.997 INFORMATION [main] org.apache.catalina.startup.VersionLoggerListener.log Server Version:        Apache Tomcat/10.1.28
12-Aug-2024 12:30:22.018 INFORMATION [main] org.apache.catalina.startup.VersionLoggerListener.log Server built:          Aug 2 2024 15:14:43 UTC
12-Aug-2024 12:30:22.043 INFORMATION [main] org.apache.catalina.startup.VersionLoggerListener.log Server version number: 10.1.28.0
12-Aug-2024 12:30:22.046 INFORMATION [main] org.apache.catalina.startup.VersionLoggerListener.log OS Name:               Windows 10
12-Aug-2024 12:30:22.047 INFORMATION [main] org.apache.catalina.startup.VersionLoggerListener.log OS Version:            10.0
12-Aug-2024 12:30:22.048 INFORMATION [main] org.apache.catalina.startup.VersionLoggerListener.log Architektur:           amd64
12-Aug-2024 12:30:22.049 INFORMATION [main] org.apache.catalina.startup.VersionLoggerListener.log Java Home:             C:\Users\liubo\.jdks\corretto-17.0.10
12-Aug-2024 12:30:22.049 INFORMATION [main] org.apache.catalina.startup.VersionLoggerListener.log JVM Version:           17.0.10+7-LTS
12-Aug-2024 12:30:22.051 INFORMATION [main] org.apache.catalina.startup.VersionLoggerListener.log JVM Hersteller:        Amazon.com Inc.
12-Aug-2024 12:30:22.051 INFORMATION [main] org.apache.catalina.startup.VersionLoggerListener.log CATALINA_BASE:         C:\Users\liubo\IdeaProjects\BE_Pro\lesson_04\apache-tomcat-10.1.28
12-Aug-2024 12:30:22.051 INFORMATION [main] org.apache.catalina.startup.VersionLoggerListener.log CATALINA_HOME:         C:\Users\liubo\IdeaProjects\BE_Pro\lesson_04\apache-tomcat-10.1.28
12-Aug-2024 12:30:22.052 INFORMATION [main] org.apache.catalina.startup.VersionLoggerListener.log Command line argument: -Djava.util.logging.config.file=C:\Users\liubo\IdeaProjects\BE_Pro\lesson_04\apache-tomcat-10.1.28\conf\logging.properties
12-Aug-2024 12:30:22.053 INFORMATION [main] org.apache.catalina.startup.VersionLoggerListener.log Command line argument: -Djava.util.logging.manager=org.apache.juli.ClassLoaderLogManager
12-Aug-2024 12:30:22.053 INFORMATION [main] org.apache.catalina.startup.VersionLoggerListener.log Command line argument: -Djdk.tls.ephemeralDHKeySize=2048
12-Aug-2024 12:30:22.053 INFORMATION [main] org.apache.catalina.startup.VersionLoggerListener.log Command line argument: -Djava.protocol.handler.pkgs=org.apache.catalina.webresources
12-Aug-2024 12:30:22.055 INFORMATION [main] org.apache.catalina.startup.VersionLoggerListener.log Command line argument: --add-opens=java.base/java.lang=ALL-UNNAMED
12-Aug-2024 12:30:22.056 INFORMATION [main] org.apache.catalina.startup.VersionLoggerListener.log Command line argument: --add-opens=java.base/java.io=ALL-UNNAMED
12-Aug-2024 12:30:22.057 INFORMATION [main] org.apache.catalina.startup.VersionLoggerListener.log Command line argument: --add-opens=java.base/java.util=ALL-UNNAMED
12-Aug-2024 12:30:22.059 INFORMATION [main] org.apache.catalina.startup.VersionLoggerListener.log Command line argument: --add-opens=java.base/java.util.concurrent=ALL-UNNAMED
12-Aug-2024 12:30:22.063 INFORMATION [main] org.apache.catalina.startup.VersionLoggerListener.log Command line argument: --add-opens=java.rmi/sun.rmi.transport=ALL-UNNAMED
12-Aug-2024 12:30:22.064 INFORMATION [main] org.apache.catalina.startup.VersionLoggerListener.log Command line argument: -Dcatalina.base=C:\Users\liubo\IdeaProjects\BE_Pro\lesson_04\apache-tomcat-10.1.28
12-Aug-2024 12:30:22.065 INFORMATION [main] org.apache.catalina.startup.VersionLoggerListener.log Command line argument: -Dcatalina.home=C:\Users\liubo\IdeaProjects\BE_Pro\lesson_04\apache-tomcat-10.1.28
12-Aug-2024 12:30:22.065 INFORMATION [main] org.apache.catalina.startup.VersionLoggerListener.log Command line argument: -Djava.io.tmpdir=C:\Users\liubo\IdeaProjects\BE_Pro\lesson_04\apache-tomcat-10.1.28\temp
12-Aug-2024 12:30:22.074 INFORMATION [main] org.apache.catalina.core.AprLifecycleListener.lifecycleEvent Loaded Apache Tomcat Native library [2.0.8] using APR version [1.7.4].
12-Aug-2024 12:30:22.088 INFORMATION [main] org.apache.catalina.core.AprLifecycleListener.initializeSSL OpenSSL successfully initialized [OpenSSL 3.0.14 4 Jun 2024]
12-Aug-2024 12:30:22.692 INFORMATION [main] org.apache.coyote.AbstractProtocol.init Initialisiere ProtocolHandler["http-nio-8080"]
12-Aug-2024 12:30:22.854 INFORMATION [main] org.apache.catalina.startup.Catalina.load Server initialization in [1298] milliseconds
12-Aug-2024 12:30:23.050 INFORMATION [main] org.apache.catalina.core.StandardService.startInternal Starting service [Catalina]
12-Aug-2024 12:30:23.054 INFORMATION [main] org.apache.catalina.core.StandardEngine.startInternal Starting Servlet engine: [Apache Tomcat/10.1.28]
12-Aug-2024 12:30:23.081 INFORMATION [main] org.apache.catalina.startup.HostConfig.deployDirectory Deploye Web-Applikations-Verzeichnis [C:\Users\liubo\IdeaProjects\BE_Pro\lesson_04\apache-tomcat-10.1.28\webapps\docs]
12-Aug-2024 12:30:23.853 INFORMATION [main] org.apache.jasper.servlet.TldScanner.scanJars At least one JAR was scanned for TLDs yet contained no TLDs. Enable debug logging for this logger for a complete list of JARs that were scanned but no TLDs were found in them. Skipping unneeded JARs during scanning can improve startup time and JSP compilation time.
12-Aug-2024 12:30:24.115 WARNUNG [main] org.apache.catalina.util.SessionIdGeneratorBase.createSecureRandom Creation of SecureRandom instance for session ID generation using [SHA1PRNG] took [202] milliseconds.
12-Aug-2024 12:30:24.187 INFORMATION [main] org.apache.catalina.startup.HostConfig.deployDirectory Deployment of web application directory [C:\Users\liubo\IdeaProjects\BE_Pro\lesson_04\apache-tomcat-10.1.28\webapps\docs] has finished in [1.106] ms
12-Aug-2024 12:30:24.189 INFORMATION [main] org.apache.catalina.startup.HostConfig.deployDirectory Deploye Web-Applikations-Verzeichnis [C:\Users\liubo\IdeaProjects\BE_Pro\lesson_04\apache-tomcat-10.1.28\webapps\examples]
12-Aug-2024 12:30:24.923 INFORMATION [main] org.apache.jasper.servlet.TldScanner.scanJars At least one JAR was scanned for TLDs yet contained no TLDs. Enable debug logging for this logger for a complete list of JARs that were scanned but no TLDs were found in them. Skipping unneeded JARs during scanning can improve startup time and JSP compilation time.
12-Aug-2024 12:30:25.072 INFORMATION [main] org.apache.catalina.startup.HostConfig.deployDirectory Deployment of web application directory [C:\Users\liubo\IdeaProjects\BE_Pro\lesson_04\apache-tomcat-10.1.28\webapps\examples] has finished in [883] ms
12-Aug-2024 12:30:25.094 INFORMATION [main] org.apache.catalina.startup.HostConfig.deployDirectory Deploye Web-Applikations-Verzeichnis [C:\Users\liubo\IdeaProjects\BE_Pro\lesson_04\apache-tomcat-10.1.28\webapps\host-manager]
12-Aug-2024 12:30:25.297 INFORMATION [main] org.apache.jasper.servlet.TldScanner.scanJars At least one JAR was scanned for TLDs yet contained no TLDs. Enable debug logging for this logger for a complete list of JARs that were scanned but no TLDs were found in them. Skipping unneeded JARs during scanning can improve startup time and JSP compilation time.
12-Aug-2024 12:30:25.318 INFORMATION [main] org.apache.catalina.startup.HostConfig.deployDirectory Deployment of web application directory [C:\Users\liubo\IdeaProjects\BE_Pro\lesson_04\apache-tomcat-10.1.28\webapps\host-manager] has finished in [224] ms
12-Aug-2024 12:30:25.319 INFORMATION [main] org.apache.catalina.startup.HostConfig.deployDirectory Deploye Web-Applikations-Verzeichnis [C:\Users\liubo\IdeaProjects\BE_Pro\lesson_04\apache-tomcat-10.1.28\webapps\manager]
12-Aug-2024 12:30:25.442 INFORMATION [main] org.apache.jasper.servlet.TldScanner.scanJars At least one JAR was scanned for TLDs yet contained no TLDs. Enable debug logging for this logger for a complete list of JARs that were scanned but no TLDs were found in them. Skipping unneeded JARs during scanning can improve startup time and JSP compilation time.
12-Aug-2024 12:30:25.452 INFORMATION [main] org.apache.catalina.startup.HostConfig.deployDirectory Deployment of web application directory [C:\Users\liubo\IdeaProjects\BE_Pro\lesson_04\apache-tomcat-10.1.28\webapps\manager] has finished in [133] ms
12-Aug-2024 12:30:25.454 INFORMATION [main] org.apache.catalina.startup.HostConfig.deployDirectory Deploye Web-Applikations-Verzeichnis [C:\Users\liubo\IdeaProjects\BE_Pro\lesson_04\apache-tomcat-10.1.28\webapps\ROOT]
12-Aug-2024 12:30:25.574 INFORMATION [main] org.apache.jasper.servlet.TldScanner.scanJars At least one JAR was scanned for TLDs yet contained no TLDs. Enable debug logging for this logger for a complete list of JARs that were scanned but no TLDs were found in them. Skipping unneeded JARs during scanning can improve startup time and JSP compilation time.
12-Aug-2024 12:30:25.582 INFORMATION [main] org.apache.catalina.startup.HostConfig.deployDirectory Deployment of web application directory [C:\Users\liubo\IdeaProjects\BE_Pro\lesson_04\apache-tomcat-10.1.28\webapps\ROOT] has finished in [128] ms
12-Aug-2024 12:30:25.592 INFORMATION [main] org.apache.coyote.AbstractProtocol.start Starting ProtocolHandler ["http-nio-8080"]
12-Aug-2024 12:30:25.817 INFORMATION [main] org.apache.catalina.startup.Catalina.start Server startup in [2950] milliseconds
12-Aug-2024 13:09:19.568 INFORMATION [Catalina-utility-1] org.apache.catalina.startup.HostConfig.undeploy Undeploying context []
12-Aug-2024 13:09:20.129 INFORMATION [Catalina-utility-1] org.apache.catalina.startup.HostConfig.undeploy Undeploying context [/examples]
12-Aug-2024 13:09:20.662 INFORMATION [Catalina-utility-1] org.apache.catalina.startup.HostConfig.undeploy Undeploying context [/host-manager]
12-Aug-2024 13:09:21.267 INFORMATION [Catalina-utility-1] org.apache.catalina.startup.HostConfig.undeploy Undeploying context [/manager]
12-Aug-2024 13:09:21.965 INFORMATION [Catalina-utility-1] org.apache.catalina.startup.HostConfig.undeploy Undeploying context [/docs]
12-Aug-2024 13:09:22.253 INFORMATION [Catalina-utility-1] org.apache.catalina.startup.HostConfig.deployWAR Deploying web application archive [C:\Users\liubo\IdeaProjects\BE_Pro\lesson_04\apache-tomcat-10.1.28\webapps\ROOT.war]
12-Aug-2024 13:09:24.484 INFORMATION [Catalina-utility-1] org.apache.jasper.servlet.TldScanner.scanJars At least one JAR was scanned for TLDs yet contained no TLDs. Enable debug logging for this logger for a complete list of JARs that were scanned but no TLDs were found in them. Skipping unneeded JARs during scanning can improve startup time and JSP compilation time.
12-Aug-2024 13:09:24.513 INFORMATION [Catalina-utility-1] org.apache.catalina.startup.HostConfig.deployWAR Deployment of web application archive [C:\Users\liubo\IdeaProjects\BE_Pro\lesson_04\apache-tomcat-10.1.28\webapps\ROOT.war] has finished in [2.259] ms
